#
# There is insufficient memory for the Java Runtime Environment to continue.
# Native memory allocation (mmap) failed to map 134217728 bytes for G1 virtual space
# Possible reasons:
#   The system is out of physical RAM or swap space
#   The process is running with CompressedOops enabled, and the Java Heap may be blocking the growth of the native heap
# Possible solutions:
#   Reduce memory load on the system
#   Increase physical memory or swap space
#   Check if swap backing store is full
#   Decrease Java heap size (-Xmx/-Xms)
#   Decrease number of Java threads
#   Decrease Java thread stack sizes (-Xss)
#   Set larger code cache with -XX:ReservedCodeCacheSize=
#   JVM is running with Unscaled Compressed Oops mode in which the Java heap is
#     placed in the first 4GB address space. The Java Heap base address is the
#     maximum limit for the native heap growth. Please use -XX:HeapBaseMinAddress
#     to set the Java Heap base and to place the Java Heap above 4GB virtual address.
# This output file may be truncated or incomplete.
#
#  Out of Memory Error (./open/src/hotspot/os/windows/os_windows.cpp:3321), pid=7676, tid=16724
#
# JRE version:  (15.0.2+7) (build )
# Java VM: Java HotSpot(TM) 64-Bit Server VM (15.0.2+7-27, mixed mode, sharing, tiered, compressed oops, g1 gc, windows-amd64)
# No core dump will be written. Minidumps are not enabled by default on client versions of Windows
#

---------------  S U M M A R Y ------------

Command Line: -Dfile.encoding=Cp1252 -XX:+ShowCodeDetailsInExceptionMessages memordy.Memordy

Host: Intel(R) Core(TM) i5-7400 CPU @ 3.00GHz, 4 cores, 7G,  Windows 10 , 64 bit Build 19041 (10.0.19041.928)
Time: Fri May  7 17:23:47 2021 Hora est. Pacífico, Sudamérica elapsed time: 0.013852 seconds (0d 0h 0m 0s)

---------------  T H R E A D  ---------------

Current thread (0x0000019ef957cd00):  JavaThread "Unknown thread" [_thread_in_vm, id=16724, stack(0x0000009a16b00000,0x0000009a16c00000)]

Stack: [0x0000009a16b00000,0x0000009a16c00000]
Native frames: (J=compiled Java code, j=interpreted, Vv=VM code, C=native code)
V  [jvm.dll+0x62ae9a]
V  [jvm.dll+0x7817a9]
V  [jvm.dll+0x782f03]
V  [jvm.dll+0x783563]
V  [jvm.dll+0x216325]
V  [jvm.dll+0x6281d9]
V  [jvm.dll+0x61cf55]
V  [jvm.dll+0x2cffdd]
V  [jvm.dll+0x2cfe42]
V  [jvm.dll+0x2d5e1c]
V  [jvm.dll+0x32590a]
V  [jvm.dll+0x324fd4]
V  [jvm.dll+0x2a6f5a]
V  [jvm.dll+0x2a80f8]
V  [jvm.dll+0x75e241]
V  [jvm.dll+0x3341c4]
V  [jvm.dll+0x73e926]
V  [jvm.dll+0x3b7557]
V  [jvm.dll+0x3b8fe1]
C  [jli.dll+0x52fb]
C  [ucrtbase.dll+0x21bb2]
C  [KERNEL32.DLL+0x17034]
C  [ntdll.dll+0x52651]


---------------  P R O C E S S  ---------------

Threads class SMR info:
_java_thread_list=0x00007ffa4efd4ff0, length=0, elements={
}

Java Threads: ( => current thread )

Other Threads:
  0x0000019ef95be880 GCTaskThread "GC Thread#0" [stack: 0x0000009a16c00000,0x0000009a16d00000] [id=16416]
  0x0000019ef95cf920 ConcurrentGCThread "G1 Main Marker" [stack: 0x0000009a16d00000,0x0000009a16e00000] [id=13380]
  0x0000019ef95d1430 ConcurrentGCThread "G1 Conc#0" [stack: 0x0000009a16e00000,0x0000009a16f00000] [id=16444]

[error occurred during error reporting (printing all threads), id 0xc0000005, EXCEPTION_ACCESS_VIOLATION (0xc0000005) at pc=0x00007ffa4e7c7e27]

VM state: not at safepoint (not fully initialized)

VM Mutex/Monitor currently owned by a thread:  ([mutex/lock_event])
[0x0000019ef9578e00] Heap_lock - owner thread: 0x0000019ef957cd00

Heap address: 0x0000000080a00000, size: 2038 MB, Compressed Oops mode: 32-bit
CDS archive(s) mapped at: [0x0000000000000000-0x0000000000000000-0x0000000000000000), size 0, SharedBaseAddress: 0x0000000800000000, ArchiveRelocationMode: 0.
Narrow klass base: 0x0000000000000000, Narrow klass shift: 0, Narrow klass range: 0x0

Heap:
 garbage-first heap   total 131072K, used 0K [0x0000000080a00000, 0x0000000100000000)
  region size 1024K, 0 young (0K), 0 survivors (0K)
 Metaspace       used 0K, capacity 0K, committed 0K, reserved 0K
  class space    used 0K, capacity 0K, committed 0K, reserved 0K

Heap Regions: E=young(eden), S=young(survivor), O=old, HS=humongous(starts), HC=humongous(continues), CS=collection set, F=free, OA=open archive, CA=closed archive, TAMS=top-at-mark-start (previous, next)

Card table byte_map: [0x0000019ef9a60000,0x0000019ef9e60000] _byte_map_base: 0x0000019ef965b000

Marking Bits (Prev, Next): (CMBitMap*) 0x0000019ef95bf000, (CMBitMap*) 0x0000019ef95bf040
 Prev Bits: [0x0000019efa260000, 0x0000019efc238000)
 Next Bits: [0x0000019efc240000, 0x0000019efe218000)

GC Heap History (0 events):
No events

Deoptimization events (0 events):
No events

Classes unloaded (0 events):
No events

Classes redefined (0 events):
No events

Internal exceptions (0 events):
No events

Events (1 events):
Event: 0.007 Loaded shared library D:\JDK\bin\java.dll


Dynamic libraries:
0x00007ff7343b0000 - 0x00007ff7343bf000 	D:\JDK\bin\javaw.exe
0x00007ffa9ac90000 - 0x00007ffa9ae85000 	C:\Windows\SYSTEM32\ntdll.dll
0x00007ffa99e20000 - 0x00007ffa99edd000 	C:\Windows\System32\KERNEL32.DLL
0x00007ffa98a20000 - 0x00007ffa98ce8000 	C:\Windows\System32\KERNELBASE.dll
0x00007ffa985e0000 - 0x00007ffa986e0000 	C:\Windows\System32\ucrtbase.dll
0x00007ffa91ab0000 - 0x00007ffa91ac9000 	D:\JDK\bin\VCRUNTIME140.dll
0x00007ffa93a00000 - 0x00007ffa93a18000 	D:\JDK\bin\jli.dll
0x00007ffa99d70000 - 0x00007ffa99e1c000 	C:\Windows\System32\ADVAPI32.dll
0x00007ffa99160000 - 0x00007ffa991fe000 	C:\Windows\System32\msvcrt.dll
0x00007ffa9abb0000 - 0x00007ffa9ac4b000 	C:\Windows\System32\sechost.dll
0x00007ffa9a0c0000 - 0x00007ffa9a1eb000 	C:\Windows\System32\RPCRT4.dll
0x00007ffa99a40000 - 0x00007ffa99be0000 	C:\Windows\System32\USER32.dll
0x00007ffa983d0000 - 0x00007ffa983f2000 	C:\Windows\System32\win32u.dll
0x00007ffa99330000 - 0x00007ffa9935a000 	C:\Windows\System32\GDI32.dll
0x00007ffa8b3c0000 - 0x00007ffa8b65a000 	C:\Windows\WinSxS\amd64_microsoft.windows.common-controls_6595b64144ccf1df_6.0.19041.844_none_ca00b6081b84eb1d\COMCTL32.dll
0x00007ffa98710000 - 0x00007ffa9881b000 	C:\Windows\System32\gdi32full.dll
0x00007ffa98980000 - 0x00007ffa98a1d000 	C:\Windows\System32\msvcp_win.dll
0x00007ffa91b60000 - 0x00007ffa91b6a000 	C:\Windows\SYSTEM32\VERSION.dll
0x00007ffa99d40000 - 0x00007ffa99d70000 	C:\Windows\System32\IMM32.DLL
0x00007ffa939f0000 - 0x00007ffa939fc000 	D:\JDK\bin\vcruntime140_1.dll
0x00007ffa818d0000 - 0x00007ffa81961000 	D:\JDK\bin\msvcp140.dll
0x00007ffa4e510000 - 0x00007ffa4f06e000 	D:\JDK\bin\server\jvm.dll
0x00007ffa99be0000 - 0x00007ffa99be8000 	C:\Windows\System32\PSAPI.DLL
0x00007ffa94140000 - 0x00007ffa94149000 	C:\Windows\SYSTEM32\WSOCK32.dll
0x00007ffa9aae0000 - 0x00007ffa9ab4b000 	C:\Windows\System32\WS2_32.dll
0x00007ffa8d6c0000 - 0x00007ffa8d6e7000 	C:\Windows\SYSTEM32\WINMM.dll
0x00007ffa96330000 - 0x00007ffa96342000 	C:\Windows\SYSTEM32\kernel.appcore.dll
0x00007ffa799c0000 - 0x00007ffa799ca000 	D:\JDK\bin\jimage.dll
0x00007ffa8bd20000 - 0x00007ffa8bf04000 	C:\Windows\SYSTEM32\DBGHELP.DLL
0x00007ffa8bca0000 - 0x00007ffa8bccc000 	C:\Windows\SYSTEM32\dbgcore.DLL
0x00007ffa98560000 - 0x00007ffa985e0000 	C:\Windows\System32\bcryptPrimitives.dll
0x00007ffa77610000 - 0x00007ffa77635000 	D:\JDK\bin\java.dll

dbghelp: loaded successfully - version: 4.0.5 - missing functions: none
symbol engine: initialized successfully - sym options: 0x614 - pdb path: .;D:\JDK\bin;C:\Windows\SYSTEM32;C:\Windows\WinSxS\amd64_microsoft.windows.common-controls_6595b64144ccf1df_6.0.19041.844_none_ca00b6081b84eb1d;D:\JDK\bin\server

VM Arguments:
jvm_args: -Dfile.encoding=Cp1252 -XX:+ShowCodeDetailsInExceptionMessages 
java_command: memordy.Memordy
java_class_path (initial): D:\Codes\Eclipe-WorkSpace\Memory_Word_Game\Memordy\bin;D:\Codes\Eclipe-WorkSpace\Memory_Word_Game\MemordyComponents\bin
Launcher Type: SUN_STANDARD

[Global flags]
     intx CICompilerCount                          = 3                                         {product} {ergonomic}
     uint ConcGCThreads                            = 1                                         {product} {ergonomic}
     uint G1ConcRefinementThreads                  = 4                                         {product} {ergonomic}
   size_t G1HeapRegionSize                         = 1048576                                   {product} {ergonomic}
    uintx GCDrainStackTargetSize                   = 64                                        {product} {ergonomic}
   size_t InitialHeapSize                          = 134217728                                 {product} {ergonomic}
   size_t MarkStackSize                            = 4194304                                   {product} {ergonomic}
   size_t MaxHeapSize                              = 2136997888                                {product} {ergonomic}
   size_t MinHeapDeltaBytes                        = 1048576                                   {product} {ergonomic}
   size_t MinHeapSize                              = 8388608                                   {product} {ergonomic}
    uintx NonNMethodCodeHeapSize                   = 5832780                                {pd product} {ergonomic}
    uintx NonProfiledCodeHeapSize                  = 122912730                              {pd product} {ergonomic}
    uintx ProfiledCodeHeapSize                     = 122912730                              {pd product} {ergonomic}
    uintx ReservedCodeCacheSize                    = 251658240                              {pd product} {ergonomic}
     bool SegmentedCodeCache                       = true                                      {product} {ergonomic}
     bool ShowCodeDetailsInExceptionMessages       = true                                   {manageable} {command line}
   size_t SoftMaxHeapSize                          = 2136997888                             {manageable} {ergonomic}
     bool UseCompressedClassPointers               = true                                 {lp64_product} {ergonomic}
     bool UseCompressedOops                        = true                                 {lp64_product} {ergonomic}
     bool UseG1GC                                  = true                                      {product} {ergonomic}
     bool UseLargePagesIndividualAllocation        = false                                  {pd product} {ergonomic}

Logging:
Log output configuration:
 #0: stdout all=warning uptime,level,tags
 #1: stderr all=off uptime,level,tags

Environment Variables:
PATH=D:/JDK/bin/server;D:/JDK/bin;C:\Program Files\Common Files\Oracle\Java\javapath;C:\Windows\system32;C:\Windows;C:\Windows\System32\Wbem;C:\Windows\System32\WindowsPowerShell\v1.0\;C:\Windows\System32\OpenSSH\;D:\Git\cmd;D:\NodeJs\;C:\Python39\Scripts;D:\Python\Python39\Scripts\;D:\Python\Python39\;C:\Users\ingri\AppData\Local\Microsoft\WindowsApps;;D:\Microsoft VS Code\bin;C:\Users\ingri\AppData\Roaming\npm;C:\Windows\system32;
USERNAME=ingri
OS=Windows_NT
PROCESSOR_IDENTIFIER=Intel64 Family 6 Model 158 Stepping 9, GenuineIntel



---------------  S Y S T E M  ---------------

OS:
 Windows 10 , 64 bit Build 19041 (10.0.19041.928)
OS uptime: 0 days 2:25 hours

CPU: total 4 (initial active 4) (4 cores per cpu, 1 threads per core) family 6 model 158 stepping 9 microcode 0xde, cmov, cx8, fxsr, mmx, sse, sse2, sse3, ssse3, sse4.1, sse4.2, popcnt, vzeroupper, avx, avx2, aes, clmul, erms, 3dnowpref, lzcnt, tsc, tscinvbit, bmi1, bmi2, adx, fma, clflush, clflushopt

Memory: 4k page, system-wide physical 8144M (635M free)
TotalPageFile size 22451M (AvailPageFile size 55M)
current process WorkingSet (physical memory assigned to process): 10M, peak: 10M
current process commit charge ("private bytes"): 51M, peak: 179M

vm_info: Java HotSpot(TM) 64-Bit Server VM (15.0.2+7-27) for windows-amd64 JRE (15.0.2+7-27), built on Dec  7 2020 20:07:01 by "mach5one" with unknown MS VC++:1925

END.
